Arguments: 
  C:\Scoop\apps\nodejs-lts\current\node.exe C:\Scoop\apps\nodejs-lts\current\bin\node_modules\yarn\bin\yarn.js init

PATH: 
  C:\Python310\Scripts\;C:\Python310\;C:\Program Files\Zulu\zulu-11\bin\;C:\Program Files\Common Files\Oracle\Java\javapath;C:\Program Files (x86)\Common Files\Oracle\Java\javapath;C:\WINDOWS\system32;C:\WINDOWS;C:\WINDOWS\System32\Wbem;C:\WINDOWS\System32\WindowsPowerShell\v1.0\;C:\WINDOWS\System32\OpenSSH\;C:\Program Files\Java\jdk-11.0.15.1\bin;C:\ProgramData\chocolatey\bin;C:\Program Files\Git\cmd;C:\Program Files\Amazon\AWSCLIV2\;C:\Scoop\apps\vscode\current\bin;C:\Scoop\apps\android-sdk\current\tools\bin;C:\Scoop\apps\temurin8-jdk\current\bin;C:\Scoop\apps\nodejs-lts\current\bin;C:\Scoop\apps\nodejs-lts\current;C:\Scoop\shims;C:\Program Files\MySQL\MySQL Shell 8.0\bin\;C:\Users\elian\AppData\Local\Microsoft\WindowsApps;C:\Program Files\JetBrains\IntelliJ IDEA 2021.1.3\bin;C:\Program Files\Bandizip\;C:\tools\dart-sdk\bin;C:\Users\elian\AppData\Roaming\Pub\Cache\bin;C:\tools\flutter\bin;;C:\Users\elian\AppData\Local\Microsoft\WindowsApps

Yarn version: 
  1.22.17

Node version: 
  16.13.1

Platform: 
  win32 x64

Trace: 
  Error: canceled
      at Interface.<anonymous> (C:\Scoop\persist\nodejs-lts\bin\node_modules\yarn\lib\cli.js:137143:13)
      at Interface.emit (node:events:390:28)
      at Interface._ttyWrite (node:readline:1081:16)
      at ReadStream.onkeypress (node:readline:288:10)
      at ReadStream.emit (node:events:390:28)
      at emitKeys (node:internal/readline/utils:358:14)
      at emitKeys.next (<anonymous>)
      at ReadStream.onData (node:internal/readline/emitKeypressEvents:61:36)
      at ReadStream.emit (node:events:390:28)
      at addChunk (node:internal/streams/readable:315:12)

npm manifest: 
  No manifest

yarn manifest: 
  No manifest

Lockfile: 
  No lockfile
